<?xml version="1.0" encoding="UTF-8"?>
<testng-results skipped="0" failed="0" ignored="0" total="2" passed="2">
  <reporter-output>
  </reporter-output>
  <suite name="Default suite" duration-ms="21616" started-at="2018-12-17T18:44:00Z" finished-at="2018-12-17T18:44:21Z">
    <groups>
    </groups>
    <test name="Default test" duration-ms="21616" started-at="2018-12-17T18:44:00Z" finished-at="2018-12-17T18:44:21Z">
      <class name="testcases.SuiteTestCases">
        <test-method status="PASS" signature="launchBrowser()[pri:0, instance:testcases.SuiteTestCases@73ad2d6]" name="launchBrowser" is-config="true" duration-ms="10493" started-at="2018-12-17T18:44:00Z" finished-at="2018-12-17T18:44:10Z">
          <reporter-output>
          </reporter-output>
        </test-method> <!-- launchBrowser -->
        <test-method status="PASS" signature="testLoginToApplication()[pri:1, instance:testcases.SuiteTestCases@73ad2d6]" name="testLoginToApplication" duration-ms="9826" started-at="2018-12-17T18:44:10Z" finished-at="2018-12-17T18:44:20Z">
          <reporter-output>
          </reporter-output>
        </test-method> <!-- testLoginToApplication -->
        <test-method status="PASS" signature="oneWayFlightBook()[pri:2, instance:testcases.SuiteTestCases@73ad2d6]" name="oneWayFlightBook" duration-ms="1256" started-at="2018-12-17T18:44:20Z" finished-at="2018-12-17T18:44:21Z">
          <reporter-output>
          </reporter-output>
        </test-method> <!-- oneWayFlightBook -->
      </class> <!-- testcases.SuiteTestCases -->
    </test> <!-- Default test -->
  </suite> <!-- Default suite -->
</testng-results>
